app/build/intermediates/manifest_merge_blame_file/debug/manifest-merger-blame-debug-report.txt
1<?xml version="1.0" encoding="utf-8"?>
2<manifest xmlns:android="http://schemas.android.com/apk/res/android"
3    package="com.rankerspoint.academy"
4    android:versionCode="32"
5    android:versionName="10.2" >
6
7    <uses-sdk
8        android:minSdkVersion="21"
8-->src\main\AndroidManifest.xml
9        android:targetSdkVersion="33" />
9-->src\main\AndroidManifest.xml
10
11    <uses-permission android:name="android.permission.ACCESS_COARSE_LOCATION" />
11-->src\main\AndroidManifest.xml:6:5-81
11-->src\main\AndroidManifest.xml:6:22-78
12    <uses-permission android:name="android.permission.CALL_PHONE" />
12-->src\main\AndroidManifest.xml:7:5-69
12-->src\main\AndroidManifest.xml:7:22-66
13    <uses-permission android:name="android.permission.ACCESS_NETWORK_STATE" />
13-->src\main\AndroidManifest.xml:8:5-79
13-->src\main\AndroidManifest.xml:8:22-76
14    <uses-permission android:name="android.permission.INTERNET" />
14-->src\main\AndroidManifest.xml:9:5-67
14-->src\main\AndroidManifest.xml:9:22-64
15    <uses-permission android:name="android.permission.ACCESS_WIFI_STATE" />
15-->src\main\AndroidManifest.xml:10:5-76
15-->src\main\AndroidManifest.xml:10:22-73
16    <uses-permission android:name="android.permission.ACCESS_FINE_LOCATION" />
16-->src\main\AndroidManifest.xml:11:5-79
16-->src\main\AndroidManifest.xml:11:22-76
17    <uses-permission android:name="android.permission.CAMERA" />
17-->src\main\AndroidManifest.xml:12:5-65
17-->src\main\AndroidManifest.xml:12:22-62
18    <uses-permission android:name="android.permission.READ_EXTERNAL_STORAGE" />
18-->src\main\AndroidManifest.xml:13:5-80
18-->src\main\AndroidManifest.xml:13:22-77
19    <uses-permission android:name="android.permission.RECEIVE_BOOT_COMPLETED" />
19-->src\main\AndroidManifest.xml:14:5-81
19-->src\main\AndroidManifest.xml:14:22-78
20    <uses-permission android:name="android.permission.DOWNLOAD_WITHOUT_NOTIFICATION" /> <!-- //<uses-permission android:name="android.permission.MANAGE_EXTERNAL_STORAGE" /> -->
20-->src\main\AndroidManifest.xml:15:5-88
20-->src\main\AndroidManifest.xml:15:22-85
21    <uses-permission android:name="android.permission.WRITE_EXTERNAL_STORAGE" /> <!-- <uses-permission android:name="android.permission.RECEIVE_SMS" tools:node="remove" /> -->
21-->src\main\AndroidManifest.xml:16:5-81
21-->src\main\AndroidManifest.xml:16:22-78
22    <!-- <uses-permission android:name="android.permission.READ_SMS" tools:node="remove"></uses-permission> -->
23    <uses-permission android:name="android.permission.READ_PHONE_STATE" /> <!-- // <uses-permission android:name="android.permission.RECEIVE_SMS" /> -->
23-->src\main\AndroidManifest.xml:18:5-75
23-->src\main\AndroidManifest.xml:18:22-72
24    <!-- <uses-permission android:name="android.permission.MANAGE_EXTERNAL_STORAGE" -->
25    <!-- tools:ignore="ScopedStorage" /> -->
26    <!-- <uses-permission android:name="android.permission.QUERY_ALL_PACKAGES" /> -->
27    <uses-feature
27-->src\main\AndroidManifest.xml:22:5-24:35
28        android:name="android.hardware.camera.any"
28-->src\main\AndroidManifest.xml:23:9-51
29        android:required="true" />
29-->src\main\AndroidManifest.xml:24:9-32
30    <uses-feature
30-->src\main\AndroidManifest.xml:25:5-27:36
31        android:name="android.hardware.camera.autofocus"
31-->src\main\AndroidManifest.xml:26:9-57
32        android:required="false" />
32-->src\main\AndroidManifest.xml:27:9-33
33
34    <uses-permission android:name="android.permission.POST_NOTIFICATIONS" />
34-->[com.google.firebase:firebase-messaging:23.1.0] AndroidManifest.xml:25:5-77
34-->[com.google.firebase:firebase-messaging:23.1.0] AndroidManifest.xml:25:22-74
35    <uses-permission android:name="android.permission.WAKE_LOCK" /> <!-- Required by older versions of Google Play services to create IID tokens -->
35-->[com.google.firebase:firebase-messaging:23.1.0] AndroidManifest.xml:26:5-68
35-->[com.google.firebase:firebase-messaging:23.1.0] AndroidManifest.xml:26:22-65
36    <uses-permission android:name="com.google.android.c2dm.permission.RECEIVE" />
36-->[com.google.firebase:firebase-messaging:23.1.0] AndroidManifest.xml:28:5-82
36-->[com.google.firebase:firebase-messaging:23.1.0] AndroidManifest.xml:28:22-79
37
38    <queries>
38-->[com.razorpay:checkout:1.6.24] AndroidManifest.xml:11:5-37:15
39        <intent>
39-->[com.razorpay:checkout:1.6.24] AndroidManifest.xml:12:9-18:18
40            <action android:name="android.intent.action.VIEW" />
40-->[com.razorpay:checkout:1.6.24] AndroidManifest.xml:13:13-65
40-->[com.razorpay:checkout:1.6.24] AndroidManifest.xml:13:21-62
41
42            <data
42-->[com.razorpay:checkout:1.6.24] AndroidManifest.xml:15:13-17:38
43                android:mimeType="*/*"
43-->[com.razorpay:checkout:1.6.24] AndroidManifest.xml:16:17-39
44                android:scheme="*" />
44-->[com.razorpay:checkout:1.6.24] AndroidManifest.xml:17:17-35
45        </intent>
46        <intent>
46-->[com.razorpay:checkout:1.6.24] AndroidManifest.xml:12:9-18:18
47            <action android:name="android.intent.action.VIEW" />
47-->[com.razorpay:checkout:1.6.24] AndroidManifest.xml:13:13-65
47-->[com.razorpay:checkout:1.6.24] AndroidManifest.xml:13:21-62
48
49            <category android:name="android.intent.category.BROWSABLE" />
50
51            <data
51-->[com.razorpay:checkout:1.6.24] AndroidManifest.xml:15:13-17:38
52                android:host="pay"
53                android:mimeType="*/*"
53-->[com.razorpay:checkout:1.6.24] AndroidManifest.xml:16:17-39
54                android:scheme="upi" />
54-->[com.razorpay:checkout:1.6.24] AndroidManifest.xml:17:17-35
55        </intent>
56        <intent>
56-->[com.razorpay:checkout:1.6.24] AndroidManifest.xml:12:9-18:18
57            <action android:name="android.intent.action.MAIN" />
57-->src\main\AndroidManifest.xml:325:17-69
57-->src\main\AndroidManifest.xml:325:25-66
58        </intent>
59        <intent>
59-->[com.razorpay:checkout:1.6.24] AndroidManifest.xml:12:9-18:18
60            <action android:name="android.intent.action.SEND" />
61
62            <data android:mimeType="*/*" />
62-->[com.razorpay:checkout:1.6.24] AndroidManifest.xml:15:13-17:38
62-->[com.razorpay:checkout:1.6.24] AndroidManifest.xml:16:17-39
63        </intent>
64    </queries>
65
66    <uses-feature
66-->[com.google.android.gms:play-services-maps:17.0.0] AndroidManifest.xml:26:5-28:35
67        android:glEsVersion="0x00020000"
67-->[com.google.android.gms:play-services-maps:17.0.0] AndroidManifest.xml:27:9-41
68        android:required="true" />
68-->[com.google.android.gms:play-services-maps:17.0.0] AndroidManifest.xml:28:9-32
69
70    <application
70-->src\main\AndroidManifest.xml:29:5-365:19
71        android:allowAudioPlaybackCapture="false"
71-->src\main\AndroidManifest.xml:30:9-50
72        android:allowBackup="true"
72-->src\main\AndroidManifest.xml:31:9-35
73        android:appComponentFactory="androidx.core.app.CoreComponentFactory"
73-->[androidx.core:core:1.8.0] AndroidManifest.xml:24:18-86
74        android:debuggable="true"
75        android:exported="true"
75-->src\main\AndroidManifest.xml:32:9-32
76        android:icon="@mipmap/ic_launcher"
76-->src\main\AndroidManifest.xml:33:9-43
77        android:label="@string/app_name"
77-->src\main\AndroidManifest.xml:34:9-41
78        android:largeHeap="true"
78-->src\main\AndroidManifest.xml:35:9-33
79        android:requestLegacyExternalStorage="true"
79-->src\main\AndroidManifest.xml:36:9-52
80        android:supportsRtl="true"
80-->src\main\AndroidManifest.xml:37:9-35
81        android:testOnly="true"
82        android:theme="@style/AppTheme"
82-->src\main\AndroidManifest.xml:38:9-40
83        android:usesCleartextTraffic="true" >
83-->src\main\AndroidManifest.xml:39:9-44
84        <activity
84-->src\main\AndroidManifest.xml:41:9-43:40
85            android:name="com.rankerspoint.academy.Activity.SubjectActivity"
85-->src\main\AndroidManifest.xml:42:13-53
86            android:exported="false" />
86-->src\main\AndroidManifest.xml:43:13-37
87        <activity
87-->src\main\AndroidManifest.xml:44:9-47:52
88            android:name="com.rankerspoint.academy.Activity.GoExamMentorPost"
88-->src\main\AndroidManifest.xml:45:13-54
89            android:exported="false"
89-->src\main\AndroidManifest.xml:46:13-37
90            android:screenOrientation="portrait" />
90-->src\main\AndroidManifest.xml:47:13-49
91        <activity
91-->src\main\AndroidManifest.xml:48:9-51:52
92            android:name="com.rankerspoint.academy.Activity.ViewAllCouse_SubCategory"
92-->src\main\AndroidManifest.xml:49:13-62
93            android:exported="false"
93-->src\main\AndroidManifest.xml:50:13-37
94            android:screenOrientation="portrait" />
94-->src\main\AndroidManifest.xml:51:13-49
95        <activity
95-->src\main\AndroidManifest.xml:52:9-55:52
96            android:name="com.rankerspoint.academy.Activity.ViewAllFeeQuizListDashboard"
96-->src\main\AndroidManifest.xml:53:13-65
97            android:exported="false"
97-->src\main\AndroidManifest.xml:54:13-37
98            android:screenOrientation="portrait" />
98-->src\main\AndroidManifest.xml:55:13-49
99        <activity
99-->src\main\AndroidManifest.xml:56:9-59:52
100            android:name="com.rankerspoint.academy.Activity.Free_View_AllVideo"
100-->src\main\AndroidManifest.xml:57:13-56
101            android:exported="false"
101-->src\main\AndroidManifest.xml:58:13-37
102            android:screenOrientation="portrait" />
102-->src\main\AndroidManifest.xml:59:13-49
103        <activity
103-->src\main\AndroidManifest.xml:60:9-63:52
104            android:name="com.rankerspoint.academy.Activity.GetHomeAllResults"
104-->src\main\AndroidManifest.xml:61:13-55
105            android:exported="false"
105-->src\main\AndroidManifest.xml:62:13-37
106            android:screenOrientation="portrait" />
106-->src\main\AndroidManifest.xml:63:13-49
107        <activity
107-->src\main\AndroidManifest.xml:64:9-67:52
108            android:name="com.rankerspoint.academy.Activity.ViewAll_QuizTestSeries"
108-->src\main\AndroidManifest.xml:65:13-60
109            android:exported="false"
109-->src\main\AndroidManifest.xml:66:13-37
110            android:screenOrientation="portrait" />
110-->src\main\AndroidManifest.xml:67:13-49
111        <activity
111-->src\main\AndroidManifest.xml:68:9-71:52
112            android:name="com.rankerspoint.academy.Activity.MocktestViewAnswerWebView"
112-->src\main\AndroidManifest.xml:69:13-63
113            android:exported="false"
113-->src\main\AndroidManifest.xml:70:13-37
114            android:screenOrientation="portrait" />
114-->src\main\AndroidManifest.xml:71:13-49
115        <activity
115-->src\main\AndroidManifest.xml:72:9-75:52
116            android:name="com.rankerspoint.academy.Activity.ResultWebView"
116-->src\main\AndroidManifest.xml:73:13-51
117            android:exported="false"
117-->src\main\AndroidManifest.xml:74:13-37
118            android:screenOrientation="portrait" />
118-->src\main\AndroidManifest.xml:75:13-49
119        <activity
119-->src\main\AndroidManifest.xml:76:9-80:52
120            android:name="com.rankerspoint.academy.Activity.MockTestWebView"
120-->src\main\AndroidManifest.xml:77:13-53
121            android:exported="false"
121-->src\main\AndroidManifest.xml:78:13-37
122            android:noHistory="true"
122-->src\main\AndroidManifest.xml:79:13-37
123            android:screenOrientation="portrait" />
123-->src\main\AndroidManifest.xml:80:13-49
124        <activity
124-->src\main\AndroidManifest.xml:81:9-84:52
125            android:name="com.rankerspoint.academy.Activity.SaveNotesAllPdfandNotes"
125-->src\main\AndroidManifest.xml:82:13-61
126            android:exported="false"
126-->src\main\AndroidManifest.xml:83:13-37
127            android:screenOrientation="portrait" />
127-->src\main\AndroidManifest.xml:84:13-49
128        <activity
128-->src\main\AndroidManifest.xml:85:9-88:52
129            android:name="com.rankerspoint.academy.Activity.EditCommentMentor"
129-->src\main\AndroidManifest.xml:86:13-55
130            android:exported="false"
130-->src\main\AndroidManifest.xml:87:13-37
131            android:screenOrientation="portrait" />
131-->src\main\AndroidManifest.xml:88:13-49
132        <activity
132-->src\main\AndroidManifest.xml:89:9-91:40
133            android:name="com.rankerspoint.academy.WebViewDemo"
133-->src\main\AndroidManifest.xml:90:13-40
134            android:exported="false" />
134-->src\main\AndroidManifest.xml:91:13-37
135        <activity
135-->src\main\AndroidManifest.xml:92:9-95:52
136            android:name="com.rankerspoint.academy.Activity.MentorCommentReply"
136-->src\main\AndroidManifest.xml:93:13-56
137            android:exported="false"
137-->src\main\AndroidManifest.xml:94:13-37
138            android:screenOrientation="portrait" />
138-->src\main\AndroidManifest.xml:95:13-49
139        <activity
139-->src\main\AndroidManifest.xml:96:9-99:52
140            android:name="com.rankerspoint.academy.Activity.MentorCommentHome"
140-->src\main\AndroidManifest.xml:97:13-55
141            android:exported="false"
141-->src\main\AndroidManifest.xml:98:13-37
142            android:screenOrientation="portrait" />
142-->src\main\AndroidManifest.xml:99:13-49
143        <activity
143-->src\main\AndroidManifest.xml:100:9-103:52
144            android:name="com.rankerspoint.academy.Activity.MentorPostSingleTestDescription"
144-->src\main\AndroidManifest.xml:101:13-69
145            android:exported="false"
145-->src\main\AndroidManifest.xml:102:13-37
146            android:screenOrientation="portrait" />
146-->src\main\AndroidManifest.xml:103:13-49
147        <activity
147-->src\main\AndroidManifest.xml:104:9-107:52
148            android:name="com.rankerspoint.academy.Activity.MentorPost"
148-->src\main\AndroidManifest.xml:105:13-48
149            android:exported="false"
149-->src\main\AndroidManifest.xml:106:13-37
150            android:screenOrientation="portrait" />
150-->src\main\AndroidManifest.xml:107:13-49
151        <activity
151-->src\main\AndroidManifest.xml:108:9-111:52
152            android:name="com.rankerspoint.academy.Activity.LiveClassesVideo"
152-->src\main\AndroidManifest.xml:109:13-54
153            android:exported="false"
153-->src\main\AndroidManifest.xml:110:13-37
154            android:screenOrientation="portrait" />
154-->src\main\AndroidManifest.xml:111:13-49
155        <activity
155-->src\main\AndroidManifest.xml:112:9-115:52
156            android:name="com.rankerspoint.academy.Activity.LiveClassesListActivity"
156-->src\main\AndroidManifest.xml:113:13-61
157            android:exported="false"
157-->src\main\AndroidManifest.xml:114:13-37
158            android:screenOrientation="portrait" />
158-->src\main\AndroidManifest.xml:115:13-49
159        <activity
159-->src\main\AndroidManifest.xml:116:9-119:52
160            android:name="com.rankerspoint.academy.Activity.PaymentSuccessfully"
160-->src\main\AndroidManifest.xml:117:13-57
161            android:exported="false"
161-->src\main\AndroidManifest.xml:118:13-37
162            android:screenOrientation="portrait" />
162-->src\main\AndroidManifest.xml:119:13-49
163        <activity
163-->src\main\AndroidManifest.xml:120:9-123:52
164            android:name="com.rankerspoint.academy.Activity.VideoSeriesList"
164-->src\main\AndroidManifest.xml:121:13-53
165            android:exported="false"
165-->src\main\AndroidManifest.xml:122:13-37
166            android:screenOrientation="portrait" />
166-->src\main\AndroidManifest.xml:123:13-49
167        <activity
167-->src\main\AndroidManifest.xml:124:9-127:52
168            android:name="com.rankerspoint.academy.Activity.YourExamsList"
168-->src\main\AndroidManifest.xml:125:13-51
169            android:exported="false"
169-->src\main\AndroidManifest.xml:126:13-37
170            android:screenOrientation="portrait" />
170-->src\main\AndroidManifest.xml:127:13-49
171        <activity
171-->src\main\AndroidManifest.xml:128:9-130:40
172            android:name="com.rankerspoint.academy.Activity.YourPdfNotesOffline"
172-->src\main\AndroidManifest.xml:129:13-57
173            android:exported="false" />
173-->src\main\AndroidManifest.xml:130:13-37
174        <activity
174-->src\main\AndroidManifest.xml:131:9-133:40
175            android:name="com.rankerspoint.academy.Activity.PdfViewDemo"
175-->src\main\AndroidManifest.xml:132:13-49
176            android:exported="false" />
176-->src\main\AndroidManifest.xml:133:13-37
177        <activity
177-->src\main\AndroidManifest.xml:134:9-137:52
178            android:name="com.rankerspoint.academy.Activity.DailyNewsActivity"
178-->src\main\AndroidManifest.xml:135:13-55
179            android:exported="false"
179-->src\main\AndroidManifest.xml:136:13-37
180            android:screenOrientation="portrait" />
180-->src\main\AndroidManifest.xml:137:13-49
181        <activity
181-->src\main\AndroidManifest.xml:138:9-141:52
182            android:name="com.rankerspoint.academy.Activity.DailyGK"
182-->src\main\AndroidManifest.xml:139:13-45
183            android:exported="false"
183-->src\main\AndroidManifest.xml:140:13-37
184            android:screenOrientation="portrait" />
184-->src\main\AndroidManifest.xml:141:13-49
185        <activity
185-->src\main\AndroidManifest.xml:142:9-145:52
186            android:name="com.rankerspoint.academy.Activity.ForgetPassword"
186-->src\main\AndroidManifest.xml:143:13-52
187            android:exported="false"
187-->src\main\AndroidManifest.xml:144:13-37
188            android:screenOrientation="portrait" />
188-->src\main\AndroidManifest.xml:145:13-49
189        <activity
189-->src\main\AndroidManifest.xml:146:9-149:52
190            android:name="com.rankerspoint.academy.Activity.VideoSeries"
190-->src\main\AndroidManifest.xml:147:13-49
191            android:exported="false"
191-->src\main\AndroidManifest.xml:148:13-37
192            android:screenOrientation="portrait" />
192-->src\main\AndroidManifest.xml:149:13-49
193        <activity
193-->src\main\AndroidManifest.xml:150:9-153:52
194            android:name="com.rankerspoint.academy.Activity.HomePdfNotesCategory"
194-->src\main\AndroidManifest.xml:151:13-58
195            android:exported="false"
195-->src\main\AndroidManifest.xml:152:13-37
196            android:screenOrientation="portrait" />
196-->src\main\AndroidManifest.xml:153:13-49
197        <activity
197-->src\main\AndroidManifest.xml:154:9-157:52
198            android:name="com.rankerspoint.academy.Activity.HomeNotesPdf"
198-->src\main\AndroidManifest.xml:155:13-50
199            android:exported="false"
199-->src\main\AndroidManifest.xml:156:13-37
200            android:screenOrientation="portrait" />
200-->src\main\AndroidManifest.xml:157:13-49
201        <activity
201-->src\main\AndroidManifest.xml:158:9-161:52
202            android:name="com.rankerspoint.academy.Activity.TopicQuizIndividual"
202-->src\main\AndroidManifest.xml:159:13-57
203            android:exported="false"
203-->src\main\AndroidManifest.xml:160:13-37
204            android:screenOrientation="portrait" />
204-->src\main\AndroidManifest.xml:161:13-49
205        <activity
205-->src\main\AndroidManifest.xml:162:9-165:52
206            android:name="com.rankerspoint.academy.Activity.TopicWisePdf"
206-->src\main\AndroidManifest.xml:163:13-50
207            android:exported="false"
207-->src\main\AndroidManifest.xml:164:13-37
208            android:screenOrientation="portrait" />
208-->src\main\AndroidManifest.xml:165:13-49
209        <activity
209-->src\main\AndroidManifest.xml:166:9-169:52
210            android:name="com.rankerspoint.academy.Activity.EmailRegister"
210-->src\main\AndroidManifest.xml:167:13-51
211            android:exported="false"
211-->src\main\AndroidManifest.xml:168:13-37
212            android:screenOrientation="portrait" />
212-->src\main\AndroidManifest.xml:169:13-49
213        <activity
213-->src\main\AndroidManifest.xml:170:9-173:52
214            android:name="com.rankerspoint.academy.Activity.PaymentCheckOut"
214-->src\main\AndroidManifest.xml:171:13-53
215            android:exported="false"
215-->src\main\AndroidManifest.xml:172:13-37
216            android:screenOrientation="portrait" />
216-->src\main\AndroidManifest.xml:173:13-49
217        <activity
217-->src\main\AndroidManifest.xml:174:9-177:52
218            android:name="com.rankerspoint.academy.Activity.ViewMockTestSeries"
218-->src\main\AndroidManifest.xml:175:13-56
219            android:exported="false"
219-->src\main\AndroidManifest.xml:176:13-37
220            android:screenOrientation="portrait" />
220-->src\main\AndroidManifest.xml:177:13-49
221        <activity
221-->src\main\AndroidManifest.xml:178:9-181:52
222            android:name="com.rankerspoint.academy.Activity.PdfReaderFile"
222-->src\main\AndroidManifest.xml:179:13-51
223            android:exported="false"
223-->src\main\AndroidManifest.xml:180:13-37
224            android:screenOrientation="portrait" />
224-->src\main\AndroidManifest.xml:181:13-49
225        <activity
225-->src\main\AndroidManifest.xml:182:9-185:52
226            android:name="com.rankerspoint.academy.Activity.OfflineVideoList"
226-->src\main\AndroidManifest.xml:183:13-54
227            android:exported="false"
227-->src\main\AndroidManifest.xml:184:13-37
228            android:screenOrientation="portrait" />
228-->src\main\AndroidManifest.xml:185:13-49
229        <activity
229-->src\main\AndroidManifest.xml:186:9-189:53
230            android:name="com.rankerspoint.academy.Activity.ExoplayerOffline"
230-->src\main\AndroidManifest.xml:187:13-54
231            android:exported="false"
231-->src\main\AndroidManifest.xml:188:13-37
232            android:screenOrientation="landscape" />
232-->src\main\AndroidManifest.xml:189:13-50
233        <activity
233-->src\main\AndroidManifest.xml:190:9-193:52
234            android:name="com.rankerspoint.academy.Activity.MockQuestionAttempts"
234-->src\main\AndroidManifest.xml:191:13-58
235            android:exported="false"
235-->src\main\AndroidManifest.xml:192:13-37
236            android:screenOrientation="portrait" />
236-->src\main\AndroidManifest.xml:193:13-49
237        <activity
237-->src\main\AndroidManifest.xml:194:9-197:52
238            android:name="com.rankerspoint.academy.Activity.MockSeriesListActivity"
238-->src\main\AndroidManifest.xml:195:13-60
239            android:exported="false"
239-->src\main\AndroidManifest.xml:196:13-37
240            android:screenOrientation="portrait" />
240-->src\main\AndroidManifest.xml:197:13-49
241        <activity
241-->src\main\AndroidManifest.xml:198:9-201:52
242            android:name="com.rankerspoint.academy.Activity.MockTestSeries"
242-->src\main\AndroidManifest.xml:199:13-52
243            android:exported="false"
243-->src\main\AndroidManifest.xml:200:13-37
244            android:screenOrientation="portrait" />
244-->src\main\AndroidManifest.xml:201:13-49
245        <activity
245-->src\main\AndroidManifest.xml:202:9-205:53
246            android:name="com.rankerspoint.academy.Activity.ExoYoutPlayer"
246-->src\main\AndroidManifest.xml:203:13-51
247            android:exported="false"
247-->src\main\AndroidManifest.xml:204:13-37
248            android:screenOrientation="landscape" />
248-->src\main\AndroidManifest.xml:205:13-50
249        <activity
249-->src\main\AndroidManifest.xml:206:9-210:53
250            android:name="com.rankerspoint.academy.Activity.EmbadedPlayer"
250-->src\main\AndroidManifest.xml:207:13-51
251            android:configChanges="orientation"
251-->src\main\AndroidManifest.xml:208:13-48
252            android:exported="false"
252-->src\main\AndroidManifest.xml:209:13-37
253            android:screenOrientation="landscape" />
253-->src\main\AndroidManifest.xml:210:13-50
254        <activity
254-->src\main\AndroidManifest.xml:211:9-214:52
255            android:name="com.rankerspoint.academy.Activity.Otp_Verification"
255-->src\main\AndroidManifest.xml:212:13-54
256            android:exported="false"
256-->src\main\AndroidManifest.xml:213:13-37
257            android:screenOrientation="portrait" />
257-->src\main\AndroidManifest.xml:214:13-49
258        <activity
258-->src\main\AndroidManifest.xml:215:9-218:52
259            android:name="com.rankerspoint.academy.Activity.GetAllResults"
259-->src\main\AndroidManifest.xml:216:13-51
260            android:exported="false"
260-->src\main\AndroidManifest.xml:217:13-37
261            android:screenOrientation="portrait" />
261-->src\main\AndroidManifest.xml:218:13-49
262        <activity
262-->src\main\AndroidManifest.xml:219:9-222:52
263            android:name="com.rankerspoint.academy.Activity.ViewAnswerKey"
263-->src\main\AndroidManifest.xml:220:13-51
264            android:exported="false"
264-->src\main\AndroidManifest.xml:221:13-37
265            android:screenOrientation="portrait" />
265-->src\main\AndroidManifest.xml:222:13-49
266        <activity
266-->src\main\AndroidManifest.xml:223:9-226:52
267            android:name="com.rankerspoint.academy.Activity.Mobile_Registration"
267-->src\main\AndroidManifest.xml:224:13-57
268            android:exported="false"
268-->src\main\AndroidManifest.xml:225:13-37
269            android:screenOrientation="portrait" />
269-->src\main\AndroidManifest.xml:226:13-49
270        <activity
270-->src\main\AndroidManifest.xml:227:9-231:52
271            android:name="com.rankerspoint.academy.Activity.AllQuestionAttempt"
271-->src\main\AndroidManifest.xml:228:13-56
272            android:exported="false"
272-->src\main\AndroidManifest.xml:229:13-37
273            android:noHistory="true"
273-->src\main\AndroidManifest.xml:230:13-37
274            android:screenOrientation="portrait" />
274-->src\main\AndroidManifest.xml:231:13-49
275        <activity
275-->src\main\AndroidManifest.xml:232:9-235:52
276            android:name="com.rankerspoint.academy.Activity.ExamSeries"
276-->src\main\AndroidManifest.xml:233:13-48
277            android:exported="false"
277-->src\main\AndroidManifest.xml:234:13-37
278            android:screenOrientation="portrait" />
278-->src\main\AndroidManifest.xml:235:13-49
279        <activity
279-->src\main\AndroidManifest.xml:236:9-239:52
280            android:name="com.rankerspoint.academy.Activity.Results"
280-->src\main\AndroidManifest.xml:237:13-45
281            android:exported="false"
281-->src\main\AndroidManifest.xml:238:13-37
282            android:screenOrientation="portrait" />
282-->src\main\AndroidManifest.xml:239:13-49
283        <activity
283-->src\main\AndroidManifest.xml:240:9-243:52
284            android:name="com.rankerspoint.academy.Activity.YourProfile"
284-->src\main\AndroidManifest.xml:241:13-49
285            android:exported="false"
285-->src\main\AndroidManifest.xml:242:13-37
286            android:screenOrientation="portrait" />
286-->src\main\AndroidManifest.xml:243:13-49
287        <activity
287-->src\main\AndroidManifest.xml:244:9-247:52
288            android:name="com.rankerspoint.academy.Activity.SingleDoubtDetails"
288-->src\main\AndroidManifest.xml:245:13-56
289            android:exported="false"
289-->src\main\AndroidManifest.xml:246:13-37
290            android:screenOrientation="portrait" />
290-->src\main\AndroidManifest.xml:247:13-49
291        <activity
291-->src\main\AndroidManifest.xml:248:9-251:52
292            android:name="com.rankerspoint.academy.Activity.AllDoubtsCourse"
292-->src\main\AndroidManifest.xml:249:13-53
293            android:exported="false"
293-->src\main\AndroidManifest.xml:250:13-37
294            android:screenOrientation="portrait" />
294-->src\main\AndroidManifest.xml:251:13-49
295        <activity
295-->src\main\AndroidManifest.xml:252:9-255:52
296            android:name="com.rankerspoint.academy.Activity.MyDoubts"
296-->src\main\AndroidManifest.xml:253:13-46
297            android:exported="false"
297-->src\main\AndroidManifest.xml:254:13-37
298            android:screenOrientation="portrait" />
298-->src\main\AndroidManifest.xml:255:13-49
299        <activity
299-->src\main\AndroidManifest.xml:256:9-259:52
300            android:name="com.rankerspoint.academy.Activity.Doubts_Topic"
300-->src\main\AndroidManifest.xml:257:13-50
301            android:exported="false"
301-->src\main\AndroidManifest.xml:258:13-37
302            android:screenOrientation="portrait" /> <!-- <activity -->
302-->src\main\AndroidManifest.xml:259:13-49
303        <!-- android:name=".Activity.YoutubePlayerClasses" -->
304        <!-- android:configChanges="orientation" -->
305        <!-- android:exported="false" -->
306        <!-- android:screenOrientation="landscape" /> -->
307        <activity
307-->src\main\AndroidManifest.xml:264:9-267:52
308            android:name="com.rankerspoint.academy.Activity.Indiviual_Topic"
308-->src\main\AndroidManifest.xml:265:13-53
309            android:exported="false"
309-->src\main\AndroidManifest.xml:266:13-37
310            android:screenOrientation="portrait" />
310-->src\main\AndroidManifest.xml:267:13-49
311        <activity
311-->src\main\AndroidManifest.xml:268:9-271:52
312            android:name="com.rankerspoint.academy.Activity.SyllabusSingle"
312-->src\main\AndroidManifest.xml:269:13-52
313            android:exported="false"
313-->src\main\AndroidManifest.xml:270:13-37
314            android:screenOrientation="portrait" />
314-->src\main\AndroidManifest.xml:271:13-49
315        <activity
315-->src\main\AndroidManifest.xml:272:9-275:52
316            android:name="com.rankerspoint.academy.Activity.MultiTabSyllabus"
316-->src\main\AndroidManifest.xml:273:13-54
317            android:exported="false"
317-->src\main\AndroidManifest.xml:274:13-37
318            android:screenOrientation="portrait" />
318-->src\main\AndroidManifest.xml:275:13-49
319        <activity
319-->src\main\AndroidManifest.xml:276:9-279:40
320            android:name="com.rankerspoint.academy.Activity.YoutubePlayerLiveClasses"